┌ Info: myspecialfun was invoked with:
│ 	- args: (1,)
│ 	- kwargs: Base.Pairs{Symbol, Base.CoreLogging.SimpleLogger, Tuple{Symbol}, NamedTuple{(:speciallogger,), Tuple{Base.CoreLogging.SimpleLogger}}}(:speciallogger => Base.CoreLogging.SimpleLogger(IOStream(<file ./applications/logging_demo_2.log>), Info, Dict{Any, Int64}()))
│ 	- using logger <Base.CoreLogging.SimpleLogger(IOStream(<file ./applications/logging_demo_2.log>), Info, Dict{Any, Int64}())> 
└ @ Main.var"workspace#3" /Users/bartdeclerck/Documents/RMA/Courses/ES313/ES313/applications/PS07 - ConcurrentSim - Intro.jl#==#19b12fc6-1464-11eb-2fc1-cbb3f82479c5:44
┌ Info: myspecialfun was invoked with:
│ 	- args: (2,)
│ 	- kwargs: Base.Pairs{Symbol, Base.CoreLogging.SimpleLogger, Tuple{Symbol}, NamedTuple{(:speciallogger,), Tuple{Base.CoreLogging.SimpleLogger}}}(:speciallogger => Base.CoreLogging.SimpleLogger(IOStream(<file ./applications/logging_demo_2.log>), Info, Dict{Any, Int64}()))
│ 	- using logger <Base.CoreLogging.SimpleLogger(IOStream(<file ./applications/logging_demo_2.log>), Info, Dict{Any, Int64}())> 
└ @ Main.var"workspace#3" /Users/bartdeclerck/Documents/RMA/Courses/ES313/ES313/applications/PS07 - ConcurrentSim - Intro.jl#==#19b12fc6-1464-11eb-2fc1-cbb3f82479c5:44
┌ Info: myspecialfun was invoked with:
│ 	- args: (1,)
│ 	- kwargs: Base.Pairs{Symbol, Base.CoreLogging.SimpleLogger, Tuple{Symbol}, NamedTuple{(:speciallogger,), Tuple{Base.CoreLogging.SimpleLogger}}}(:speciallogger => Base.CoreLogging.SimpleLogger(IOStream(<file ./applications/logging_demo_2.log>), Info, Dict{Any, Int64}()))
│ 	- using logger <Base.CoreLogging.SimpleLogger(IOStream(<file ./applications/logging_demo_2.log>), Info, Dict{Any, Int64}())> 
└ @ Main.var"workspace#6" /Users/bartdeclerck/Documents/RMA/Courses/ES313/ES313/applications/PS07 - ConcurrentSim - Intro.jl#==#19b12fc6-1464-11eb-2fc1-cbb3f82479c5:44
┌ Info: myspecialfun was invoked with:
│ 	- args: (2,)
│ 	- kwargs: Base.Pairs{Symbol, Base.CoreLogging.SimpleLogger, Tuple{Symbol}, NamedTuple{(:speciallogger,), Tuple{Base.CoreLogging.SimpleLogger}}}(:speciallogger => Base.CoreLogging.SimpleLogger(IOStream(<file ./applications/logging_demo_2.log>), Info, Dict{Any, Int64}()))
│ 	- using logger <Base.CoreLogging.SimpleLogger(IOStream(<file ./applications/logging_demo_2.log>), Info, Dict{Any, Int64}())> 
└ @ Main.var"workspace#6" /Users/bartdeclerck/Documents/RMA/Courses/ES313/ES313/applications/PS07 - ConcurrentSim - Intro.jl#==#19b12fc6-1464-11eb-2fc1-cbb3f82479c5:44
┌ Info: myspecialfun was invoked with:
│ 	- args: (1,)
│ 	- kwargs: Base.Pairs{Symbol, Base.CoreLogging.SimpleLogger, Tuple{Symbol}, NamedTuple{(:speciallogger,), Tuple{Base.CoreLogging.SimpleLogger}}}(:speciallogger => Base.CoreLogging.SimpleLogger(IOStream(<file ./applications/logging_demo_2.log>), Info, Dict{Any, Int64}()))
│ 	- using logger <Base.CoreLogging.SimpleLogger(IOStream(<file ./applications/logging_demo_2.log>), Info, Dict{Any, Int64}())> 
└ @ Main.var"workspace#8" /Users/bartdeclerck/Documents/RMA/Courses/ES313/ES313/applications/PS07 - ConcurrentSim - Intro.jl#==#19b12fc6-1464-11eb-2fc1-cbb3f82479c5:44
┌ Info: myspecialfun was invoked with:
│ 	- args: (2,)
│ 	- kwargs: Base.Pairs{Symbol, Base.CoreLogging.SimpleLogger, Tuple{Symbol}, NamedTuple{(:speciallogger,), Tuple{Base.CoreLogging.SimpleLogger}}}(:speciallogger => Base.CoreLogging.SimpleLogger(IOStream(<file ./applications/logging_demo_2.log>), Info, Dict{Any, Int64}()))
│ 	- using logger <Base.CoreLogging.SimpleLogger(IOStream(<file ./applications/logging_demo_2.log>), Info, Dict{Any, Int64}())> 
└ @ Main.var"workspace#8" /Users/bartdeclerck/Documents/RMA/Courses/ES313/ES313/applications/PS07 - ConcurrentSim - Intro.jl#==#19b12fc6-1464-11eb-2fc1-cbb3f82479c5:44
┌ Info: myspecialfun was invoked with:
│ 	- args: (1,)
│ 	- kwargs: Base.Pairs{Symbol, Base.CoreLogging.SimpleLogger, Tuple{Symbol}, NamedTuple{(:speciallogger,), Tuple{Base.CoreLogging.SimpleLogger}}}(:speciallogger => Base.CoreLogging.SimpleLogger(IOStream(<file ./applications/logging_demo_2.log>), Info, Dict{Any, Int64}()))
│ 	- using logger <Base.CoreLogging.SimpleLogger(IOStream(<file ./applications/logging_demo_2.log>), Info, Dict{Any, Int64}())> 
└ @ Main.var"workspace#10" /Users/bartdeclerck/Documents/RMA/Courses/ES313/ES313/applications/PS07 - ConcurrentSim - Intro.jl#==#19b12fc6-1464-11eb-2fc1-cbb3f82479c5:44
┌ Info: myspecialfun was invoked with:
│ 	- args: (2,)
│ 	- kwargs: Base.Pairs{Symbol, Base.CoreLogging.SimpleLogger, Tuple{Symbol}, NamedTuple{(:speciallogger,), Tuple{Base.CoreLogging.SimpleLogger}}}(:speciallogger => Base.CoreLogging.SimpleLogger(IOStream(<file ./applications/logging_demo_2.log>), Info, Dict{Any, Int64}()))
│ 	- using logger <Base.CoreLogging.SimpleLogger(IOStream(<file ./applications/logging_demo_2.log>), Info, Dict{Any, Int64}())> 
└ @ Main.var"workspace#10" /Users/bartdeclerck/Documents/RMA/Courses/ES313/ES313/applications/PS07 - ConcurrentSim - Intro.jl#==#19b12fc6-1464-11eb-2fc1-cbb3f82479c5:44
┌ Info: myspecialfun was invoked with:
│ 	- args: (1,)
│ 	- kwargs: Base.Pairs{Symbol, Base.CoreLogging.SimpleLogger, Tuple{Symbol}, NamedTuple{(:speciallogger,), Tuple{Base.CoreLogging.SimpleLogger}}}(:speciallogger => Base.CoreLogging.SimpleLogger(IOStream(<file ./applications/logging_demo_2.log>), Info, Dict{Any, Int64}()))
│ 	- using logger <Base.CoreLogging.SimpleLogger(IOStream(<file ./applications/logging_demo_2.log>), Info, Dict{Any, Int64}())> 
└ @ Main.var"workspace#18" /Users/bartdeclerck/Documents/RMA/Courses/ES313/ES313/applications/PS07 - ConcurrentSim - Intro.jl#==#19b12fc6-1464-11eb-2fc1-cbb3f82479c5:44
┌ Info: myspecialfun was invoked with:
│ 	- args: (2,)
│ 	- kwargs: Base.Pairs{Symbol, Base.CoreLogging.SimpleLogger, Tuple{Symbol}, NamedTuple{(:speciallogger,), Tuple{Base.CoreLogging.SimpleLogger}}}(:speciallogger => Base.CoreLogging.SimpleLogger(IOStream(<file ./applications/logging_demo_2.log>), Info, Dict{Any, Int64}()))
│ 	- using logger <Base.CoreLogging.SimpleLogger(IOStream(<file ./applications/logging_demo_2.log>), Info, Dict{Any, Int64}())> 
└ @ Main.var"workspace#18" /Users/bartdeclerck/Documents/RMA/Courses/ES313/ES313/applications/PS07 - ConcurrentSim - Intro.jl#==#19b12fc6-1464-11eb-2fc1-cbb3f82479c5:44
┌ Info: myspecialfun was invoked with:
│ 	- args: (1,)
│ 	- kwargs: Base.Pairs{Symbol, Base.CoreLogging.SimpleLogger, Tuple{Symbol}, NamedTuple{(:speciallogger,), Tuple{Base.CoreLogging.SimpleLogger}}}(:speciallogger => Base.CoreLogging.SimpleLogger(IOStream(<file ./applications/logging_demo_2.log>), Info, Dict{Any, Int64}()))
│ 	- using logger <Base.CoreLogging.SimpleLogger(IOStream(<file ./applications/logging_demo_2.log>), Info, Dict{Any, Int64}())> 
└ @ Main.var"workspace#22" /Users/bartdeclerck/Documents/RMA/Courses/ES313/ES313/applications/PS07 - ConcurrentSim - Intro.jl#==#19b12fc6-1464-11eb-2fc1-cbb3f82479c5:44
┌ Info: myspecialfun was invoked with:
│ 	- args: (2,)
│ 	- kwargs: Base.Pairs{Symbol, Base.CoreLogging.SimpleLogger, Tuple{Symbol}, NamedTuple{(:speciallogger,), Tuple{Base.CoreLogging.SimpleLogger}}}(:speciallogger => Base.CoreLogging.SimpleLogger(IOStream(<file ./applications/logging_demo_2.log>), Info, Dict{Any, Int64}()))
│ 	- using logger <Base.CoreLogging.SimpleLogger(IOStream(<file ./applications/logging_demo_2.log>), Info, Dict{Any, Int64}())> 
└ @ Main.var"workspace#22" /Users/bartdeclerck/Documents/RMA/Courses/ES313/ES313/applications/PS07 - ConcurrentSim - Intro.jl#==#19b12fc6-1464-11eb-2fc1-cbb3f82479c5:44
┌ Info: myspecialfun was invoked with:
│ 	- args: (1,)
│ 	- kwargs: Base.Pairs{Symbol, Base.CoreLogging.SimpleLogger, Tuple{Symbol}, NamedTuple{(:speciallogger,), Tuple{Base.CoreLogging.SimpleLogger}}}(:speciallogger => Base.CoreLogging.SimpleLogger(IOStream(<file ./applications/logging_demo_2.log>), Info, Dict{Any, Int64}()))
│ 	- using logger <Base.CoreLogging.SimpleLogger(IOStream(<file ./applications/logging_demo_2.log>), Info, Dict{Any, Int64}())> 
└ @ Main.var"workspace#29" /Users/bartdeclerck/Documents/RMA/Courses/ES313/ES313/applications/PS07 - ConcurrentSim - Intro.jl#==#19b12fc6-1464-11eb-2fc1-cbb3f82479c5:44
┌ Info: myspecialfun was invoked with:
│ 	- args: (2,)
│ 	- kwargs: Base.Pairs{Symbol, Base.CoreLogging.SimpleLogger, Tuple{Symbol}, NamedTuple{(:speciallogger,), Tuple{Base.CoreLogging.SimpleLogger}}}(:speciallogger => Base.CoreLogging.SimpleLogger(IOStream(<file ./applications/logging_demo_2.log>), Info, Dict{Any, Int64}()))
│ 	- using logger <Base.CoreLogging.SimpleLogger(IOStream(<file ./applications/logging_demo_2.log>), Info, Dict{Any, Int64}())> 
└ @ Main.var"workspace#29" /Users/bartdeclerck/Documents/RMA/Courses/ES313/ES313/applications/PS07 - ConcurrentSim - Intro.jl#==#19b12fc6-1464-11eb-2fc1-cbb3f82479c5:44
┌ Info: myspecialfun was invoked with:
│ 	- args: (1,)
│ 	- kwargs: Base.Pairs{Symbol, Base.CoreLogging.SimpleLogger, Tuple{Symbol}, NamedTuple{(:speciallogger,), Tuple{Base.CoreLogging.SimpleLogger}}}(:speciallogger => Base.CoreLogging.SimpleLogger(IOStream(<file ./applications/logging_demo_2.log>), Info, Dict{Any, Int64}()))
│ 	- using logger <Base.CoreLogging.SimpleLogger(IOStream(<file ./applications/logging_demo_2.log>), Info, Dict{Any, Int64}())> 
└ @ Main.var"workspace#35" /Users/bartdeclerck/Documents/RMA/Courses/ES313/ES313/applications/PS07 - ConcurrentSim - Intro.jl#==#19b12fc6-1464-11eb-2fc1-cbb3f82479c5:44
┌ Info: myspecialfun was invoked with:
│ 	- args: (2,)
│ 	- kwargs: Base.Pairs{Symbol, Base.CoreLogging.SimpleLogger, Tuple{Symbol}, NamedTuple{(:speciallogger,), Tuple{Base.CoreLogging.SimpleLogger}}}(:speciallogger => Base.CoreLogging.SimpleLogger(IOStream(<file ./applications/logging_demo_2.log>), Info, Dict{Any, Int64}()))
│ 	- using logger <Base.CoreLogging.SimpleLogger(IOStream(<file ./applications/logging_demo_2.log>), Info, Dict{Any, Int64}())> 
└ @ Main.var"workspace#35" /Users/bartdeclerck/Documents/RMA/Courses/ES313/ES313/applications/PS07 - ConcurrentSim - Intro.jl#==#19b12fc6-1464-11eb-2fc1-cbb3f82479c5:44
┌ Info: myspecialfun was invoked with:
│ 	- args: (1,)
│ 	- kwargs: Base.Pairs{Symbol, Base.CoreLogging.SimpleLogger, Tuple{Symbol}, NamedTuple{(:speciallogger,), Tuple{Base.CoreLogging.SimpleLogger}}}(:speciallogger => Base.CoreLogging.SimpleLogger(IOStream(<file ./applications/logging_demo_2.log>), Info, Dict{Any, Int64}()))
│ 	- using logger <Base.CoreLogging.SimpleLogger(IOStream(<file ./applications/logging_demo_2.log>), Info, Dict{Any, Int64}())> 
└ @ Main.var"workspace#40" /Users/bartdeclerck/Documents/RMA/Courses/ES313/ES313/applications/PS07 - ConcurrentSim - Intro.jl#==#19b12fc6-1464-11eb-2fc1-cbb3f82479c5:44
┌ Info: myspecialfun was invoked with:
│ 	- args: (2,)
│ 	- kwargs: Base.Pairs{Symbol, Base.CoreLogging.SimpleLogger, Tuple{Symbol}, NamedTuple{(:speciallogger,), Tuple{Base.CoreLogging.SimpleLogger}}}(:speciallogger => Base.CoreLogging.SimpleLogger(IOStream(<file ./applications/logging_demo_2.log>), Info, Dict{Any, Int64}()))
│ 	- using logger <Base.CoreLogging.SimpleLogger(IOStream(<file ./applications/logging_demo_2.log>), Info, Dict{Any, Int64}())> 
└ @ Main.var"workspace#40" /Users/bartdeclerck/Documents/RMA/Courses/ES313/ES313/applications/PS07 - ConcurrentSim - Intro.jl#==#19b12fc6-1464-11eb-2fc1-cbb3f82479c5:44
┌ Info: myspecialfun was invoked with:
│ 	- args: (1,)
│ 	- kwargs: Base.Pairs{Symbol, Base.CoreLogging.SimpleLogger, Tuple{Symbol}, NamedTuple{(:speciallogger,), Tuple{Base.CoreLogging.SimpleLogger}}}(:speciallogger => Base.CoreLogging.SimpleLogger(IOStream(<file ./applications/logging_demo_2.log>), Info, Dict{Any, Int64}()))
│ 	- using logger <Base.CoreLogging.SimpleLogger(IOStream(<file ./applications/logging_demo_2.log>), Info, Dict{Any, Int64}())> 
└ @ Main.var"workspace#3" /Users/bartdeclerck/Documents/RMA/Courses/ES313/ES313/applications/PS07 - ConcurrentSim - Intro.jl#==#19b12fc6-1464-11eb-2fc1-cbb3f82479c5:44
┌ Info: myspecialfun was invoked with:
│ 	- args: (2,)
│ 	- kwargs: Base.Pairs{Symbol, Base.CoreLogging.SimpleLogger, Tuple{Symbol}, NamedTuple{(:speciallogger,), Tuple{Base.CoreLogging.SimpleLogger}}}(:speciallogger => Base.CoreLogging.SimpleLogger(IOStream(<file ./applications/logging_demo_2.log>), Info, Dict{Any, Int64}()))
│ 	- using logger <Base.CoreLogging.SimpleLogger(IOStream(<file ./applications/logging_demo_2.log>), Info, Dict{Any, Int64}())> 
└ @ Main.var"workspace#3" /Users/bartdeclerck/Documents/RMA/Courses/ES313/ES313/applications/PS07 - ConcurrentSim - Intro.jl#==#19b12fc6-1464-11eb-2fc1-cbb3f82479c5:44
┌ Info: myspecialfun was invoked with:
│ 	- args: (1,)
│ 	- kwargs: Base.Pairs{Symbol, Base.CoreLogging.SimpleLogger, Tuple{Symbol}, NamedTuple{(:speciallogger,), Tuple{Base.CoreLogging.SimpleLogger}}}(:speciallogger => Base.CoreLogging.SimpleLogger(IOStream(<file ./applications/logging_demo_2.log>), Info, Dict{Any, Int64}()))
│ 	- using logger <Base.CoreLogging.SimpleLogger(IOStream(<file ./applications/logging_demo_2.log>), Info, Dict{Any, Int64}())> 
└ @ Main.var"workspace#3" /Users/bartdeclerck/Documents/RMA/Courses/ES313/ES313/applications/PS07 - ConcurrentSim - Intro.jl#==#19b12fc6-1464-11eb-2fc1-cbb3f82479c5:44
┌ Info: myspecialfun was invoked with:
│ 	- args: (2,)
│ 	- kwargs: Base.Pairs{Symbol, Base.CoreLogging.SimpleLogger, Tuple{Symbol}, NamedTuple{(:speciallogger,), Tuple{Base.CoreLogging.SimpleLogger}}}(:speciallogger => Base.CoreLogging.SimpleLogger(IOStream(<file ./applications/logging_demo_2.log>), Info, Dict{Any, Int64}()))
│ 	- using logger <Base.CoreLogging.SimpleLogger(IOStream(<file ./applications/logging_demo_2.log>), Info, Dict{Any, Int64}())> 
└ @ Main.var"workspace#3" /Users/bartdeclerck/Documents/RMA/Courses/ES313/ES313/applications/PS07 - ConcurrentSim - Intro.jl#==#19b12fc6-1464-11eb-2fc1-cbb3f82479c5:44
┌ Info: myspecialfun was invoked with:
│ 	- args: (1,)
│ 	- kwargs: Base.Pairs{Symbol, Base.CoreLogging.SimpleLogger, Tuple{Symbol}, NamedTuple{(:speciallogger,), Tuple{Base.CoreLogging.SimpleLogger}}}(:speciallogger => Base.CoreLogging.SimpleLogger(IOStream(<file ./applications/logging_demo_2.log>), Info, Dict{Any, Int64}()))
│ 	- using logger <Base.CoreLogging.SimpleLogger(IOStream(<file ./applications/logging_demo_2.log>), Info, Dict{Any, Int64}())> 
└ @ Main.var"workspace#3" /Users/bartdeclerck/Documents/RMA/Courses/ES313/ES313/applications/PS07 - ConcurrentSim - Intro.jl#==#19b12fc6-1464-11eb-2fc1-cbb3f82479c5:44
┌ Info: myspecialfun was invoked with:
│ 	- args: (2,)
│ 	- kwargs: Base.Pairs{Symbol, Base.CoreLogging.SimpleLogger, Tuple{Symbol}, NamedTuple{(:speciallogger,), Tuple{Base.CoreLogging.SimpleLogger}}}(:speciallogger => Base.CoreLogging.SimpleLogger(IOStream(<file ./applications/logging_demo_2.log>), Info, Dict{Any, Int64}()))
│ 	- using logger <Base.CoreLogging.SimpleLogger(IOStream(<file ./applications/logging_demo_2.log>), Info, Dict{Any, Int64}())> 
└ @ Main.var"workspace#3" /Users/bartdeclerck/Documents/RMA/Courses/ES313/ES313/applications/PS07 - ConcurrentSim - Intro.jl#==#19b12fc6-1464-11eb-2fc1-cbb3f82479c5:44
